TN:
SF:script/Deploy.s.sol
DA:8,0
FN:8,Deploy.run
FNDA:0,Deploy.run
DA:9,0
DA:11,0
DA:12,0
DA:14,0
DA:16,0
FNF:1
FNH:0
LF:6
LH:0
BRF:0
BRH:0
end_of_record
TN:
SF:src/core/PredictionMarket.sol
DA:21,5
FN:21,PredictionMarket.constructor
FNDA:5,PredictionMarket.constructor
DA:24,5
DA:25,5
DA:29,5
FN:29,PredictionMarket.createMarket
FNDA:5,PredictionMarket.createMarket
DA:33,5
DA:42,5
DA:47,5
DA:51,6
FN:51,PredictionMarket.stake
FNDA:6,PredictionMarket.stake
DA:52,6
DA:54,6
BRDA:54,0,0,1
DA:55,0
BRDA:55,1,0,-
DA:56,5
BRDA:56,2,0,-
DA:58,5
DA:60,5
DA:62,5
BRDA:62,3,0,3
BRDA:62,3,1,2
DA:63,3
DA:65,2
DA:68,5
DA:72,1
FN:72,PredictionMarket.resolve
FNDA:1,PredictionMarket.resolve
DA:73,1
DA:75,0
BRDA:75,4,0,-
DA:76,1
BRDA:76,5,0,-
DA:78,1
DA:79,1
DA:81,1
DA:85,2
FN:85,PredictionMarket.claim
FNDA:2,PredictionMarket.claim
DA:86,2
DA:87,2
BRDA:87,6,0,1
DA:89,1
DA:90,1
BRDA:90,7,0,-
DA:92,1
DA:98,1
DA:99,1
DA:101,1
FNF:5
FNH:5
LF:34
LH:32
BRF:9
BRH:4
end_of_record
TN:
SF:src/libs/MathLib.sol
DA:5,1
FN:5,MathLib.calculateReward
FNDA:1,MathLib.calculateReward
DA:10,1
FNF:1
FNH:1
LF:2
LH:2
BRF:0
BRH:0
end_of_record
TN:
SF:src/modules/CreatorRewardModule.sol
DA:16,0
FN:16,CreatorRewardModule.constructor
FNDA:0,CreatorRewardModule.constructor
DA:19,0
DA:20,0
DA:23,0
FN:23,CreatorRewardModule.registerCreator
FNDA:0,CreatorRewardModule.registerCreator
DA:27,0
DA:30,0
FN:30,CreatorRewardModule.rewardCreator
FNDA:0,CreatorRewardModule.rewardCreator
DA:31,0
BRDA:31,0,0,-
BRDA:31,0,1,-
DA:33,0
DA:34,0
DA:36,0
FNF:3
FNH:0
LF:10
LH:0
BRF:2
BRH:0
end_of_record
TN:
SF:test/PredictionMarket.t.sol
DA:16,10
FN:16,MockIDRX.mint
FNDA:10,MockIDRX.mint
DA:17,10
DA:20,10
FN:20,MockIDRX.approve
FNDA:10,MockIDRX.approve
DA:21,10
DA:22,10
DA:25,5
FN:25,MockIDRX.transferFrom
FNDA:5,MockIDRX.transferFrom
DA:30,5
BRDA:30,0,0,-
BRDA:30,0,1,5
DA:31,5
BRDA:31,1,0,-
BRDA:31,1,1,5
DA:33,5
DA:34,5
DA:35,5
DA:36,5
DA:39,1
FN:39,MockIDRX.transfer
FNDA:1,MockIDRX.transfer
DA:40,1
BRDA:40,2,0,-
BRDA:40,2,1,1
DA:41,1
DA:42,1
DA:43,1
FNF:4
FNH:4
LF:17
LH:17
BRF:6
BRH:3
end_of_record
